h:\documentos\mis estudios\uah\gii\3º de carrera\2º cuatrimestre\aplicacion programacion avanzada\laboratorio\practicas\pecl-1 cuda\workspace\apa-damas\pecl-1 damas cuda\pecl-1 damas cuda\debug\vc140.pdb
h:\documentos\mis estudios\uah\gii\3º de carrera\2º cuatrimestre\aplicacion programacion avanzada\laboratorio\practicas\pecl-1 cuda\workspace\apa-damas\pecl-1 damas cuda\pecl-1 damas cuda\debug\vc140.idb
h:\documentos\mis estudios\uah\gii\3º de carrera\2º cuatrimestre\aplicacion programacion avanzada\laboratorio\practicas\pecl-1 cuda\workspace\apa-damas\pecl-1 damas cuda\pecl-1 damas cuda\debug\gpucarasteristic.obj
h:\documentos\mis estudios\uah\gii\3º de carrera\2º cuatrimestre\aplicacion programacion avanzada\laboratorio\practicas\pecl-1 cuda\workspace\apa-damas\pecl-1 damas cuda\pecl-1 damas cuda\debug\persistencia.obj
h:\documentos\mis estudios\uah\gii\3º de carrera\2º cuatrimestre\aplicacion programacion avanzada\laboratorio\practicas\pecl-1 cuda\workspace\apa-damas\pecl-1 damas cuda\pecl-1 damas cuda\debug\interface.obj
h:\documentos\mis estudios\uah\gii\3º de carrera\2º cuatrimestre\aplicacion programacion avanzada\laboratorio\practicas\pecl-1 cuda\workspace\apa-damas\pecl-1 damas cuda\debug\pecl-1 damas cuda_vs15.ilk
h:\documentos\mis estudios\uah\gii\3º de carrera\2º cuatrimestre\aplicacion programacion avanzada\laboratorio\practicas\pecl-1 cuda\workspace\apa-damas\pecl-1 damas cuda\debug\pecl-1 damas cuda_vs15.exe
h:\documentos\mis estudios\uah\gii\3º de carrera\2º cuatrimestre\aplicacion programacion avanzada\laboratorio\practicas\pecl-1 cuda\workspace\apa-damas\pecl-1 damas cuda\debug\pecl-1 damas cuda_vs15.pdb
h:\documentos\mis estudios\uah\gii\3º de carrera\2º cuatrimestre\aplicacion programacion avanzada\laboratorio\practicas\pecl-1 cuda\workspace\apa-damas\pecl-1 damas cuda\pecl-1 damas cuda\debug\kernelmemglobal.cu.cache
h:\documentos\mis estudios\uah\gii\3º de carrera\2º cuatrimestre\aplicacion programacion avanzada\laboratorio\practicas\pecl-1 cuda\workspace\apa-damas\pecl-1 damas cuda\pecl-1 damas cuda\debug\kernelmemshared.cu.cache
h:\documentos\mis estudios\uah\gii\3º de carrera\2º cuatrimestre\aplicacion programacion avanzada\laboratorio\practicas\pecl-1 cuda\workspace\apa-damas\pecl-1 damas cuda\pecl-1 damas cuda\debug\main.cu.cache
h:\documentos\mis estudios\uah\gii\3º de carrera\2º cuatrimestre\aplicacion programacion avanzada\laboratorio\practicas\pecl-1 cuda\workspace\apa-damas\pecl-1 damas cuda\pecl-1 damas cuda\debug\tablero.cu.cache
h:\documentos\mis estudios\uah\gii\3º de carrera\2º cuatrimestre\aplicacion programacion avanzada\laboratorio\practicas\pecl-1 cuda\workspace\apa-damas\pecl-1 damas cuda\pecl-1 damas cuda\debug\utilgpu.cu.cache
h:\documentos\mis estudios\uah\gii\3º de carrera\2º cuatrimestre\aplicacion programacion avanzada\laboratorio\practicas\pecl-1 cuda\workspace\apa-damas\pecl-1 damas cuda\pecl-1 damas cuda\debug\kernelmemglobal.cu.obj
h:\documentos\mis estudios\uah\gii\3º de carrera\2º cuatrimestre\aplicacion programacion avanzada\laboratorio\practicas\pecl-1 cuda\workspace\apa-damas\pecl-1 damas cuda\pecl-1 damas cuda\debug\kernelmemshared.cu.obj
h:\documentos\mis estudios\uah\gii\3º de carrera\2º cuatrimestre\aplicacion programacion avanzada\laboratorio\practicas\pecl-1 cuda\workspace\apa-damas\pecl-1 damas cuda\pecl-1 damas cuda\debug\main.cu.obj
h:\documentos\mis estudios\uah\gii\3º de carrera\2º cuatrimestre\aplicacion programacion avanzada\laboratorio\practicas\pecl-1 cuda\workspace\apa-damas\pecl-1 damas cuda\pecl-1 damas cuda\debug\tablero.cu.obj
h:\documentos\mis estudios\uah\gii\3º de carrera\2º cuatrimestre\aplicacion programacion avanzada\laboratorio\practicas\pecl-1 cuda\workspace\apa-damas\pecl-1 damas cuda\pecl-1 damas cuda\debug\utilgpu.cu.obj
h:\documentos\mis estudios\uah\gii\3º de carrera\2º cuatrimestre\aplicacion programacion avanzada\laboratorio\practicas\pecl-1 cuda\workspace\apa-damas\pecl-1 damas cuda\pecl-1 damas cuda\debug\pecl-1 d.15a3a56b.tlog\cl.command.1.tlog
h:\documentos\mis estudios\uah\gii\3º de carrera\2º cuatrimestre\aplicacion programacion avanzada\laboratorio\practicas\pecl-1 cuda\workspace\apa-damas\pecl-1 damas cuda\pecl-1 damas cuda\debug\pecl-1 d.15a3a56b.tlog\cl.read.1.tlog
h:\documentos\mis estudios\uah\gii\3º de carrera\2º cuatrimestre\aplicacion programacion avanzada\laboratorio\practicas\pecl-1 cuda\workspace\apa-damas\pecl-1 damas cuda\pecl-1 damas cuda\debug\pecl-1 d.15a3a56b.tlog\cl.write.1.tlog
h:\documentos\mis estudios\uah\gii\3º de carrera\2º cuatrimestre\aplicacion programacion avanzada\laboratorio\practicas\pecl-1 cuda\workspace\apa-damas\pecl-1 damas cuda\pecl-1 damas cuda\debug\pecl-1 d.15a3a56b.tlog\link.command.1.tlog
h:\documentos\mis estudios\uah\gii\3º de carrera\2º cuatrimestre\aplicacion programacion avanzada\laboratorio\practicas\pecl-1 cuda\workspace\apa-damas\pecl-1 damas cuda\pecl-1 damas cuda\debug\pecl-1 d.15a3a56b.tlog\link.read.1.tlog
h:\documentos\mis estudios\uah\gii\3º de carrera\2º cuatrimestre\aplicacion programacion avanzada\laboratorio\practicas\pecl-1 cuda\workspace\apa-damas\pecl-1 damas cuda\pecl-1 damas cuda\debug\pecl-1 d.15a3a56b.tlog\link.write.1.tlog
