  
  H:\Documentos\Mis Estudios\UAH\GII\3º de Carrera\2º Cuatrimestre\Aplicacion Programacion Avanzada\laboratorio\Practicas\PECL-1 CUDA\WorkSpace\APA-Damas\PECL-1 Damas CUDA\PECL-1 Damas CUDA>"C:\Program Files\NVIDIA GPU Computing Toolkit\CUDA\v8.0\bin\nvcc.exe" -ccbin "C:\Program Files (x86)\Microsoft Visual Studio 14.0\VC\bin\x86_amd64"  -I"C:\Program Files\NVIDIA GPU Computing Toolkit\CUDA\v8.0\include" -I"C:\Program Files\NVIDIA GPU Computing Toolkit\CUDA\v8.0\include"  -G -lineinfo  --keep-dir x64\Debug -maxrregcount=0  --machine 64 --compile   -g   -DWIN32 -DWIN64 -D_DEBUG -D_CONSOLE -D_MBCS -Xcompiler "/EHsc /W3 /nologo /Od /FS /Zi /RTC1 /MDd " -o x64\Debug\tableroGUI.cu.obj "H:\Documentos\Mis Estudios\UAH\GII\3º de Carrera\2º Cuatrimestre\Aplicacion Programacion Avanzada\laboratorio\Practicas\PECL-1 CUDA\WorkSpace\APA-Damas\PECL-1 Damas CUDA\PECL-1 Damas CUDA\tableroGUI.cu" -clean 
CUDACOMPILE : nvcc warning : The 'compute_20', 'sm_20', and 'sm_21' architectures are deprecated, and may be removed in a future release (Use -Wno-deprecated-gpu-targets to suppress warning).
  tableroGUI.cu
  
  H:\Documentos\Mis Estudios\UAH\GII\3º de Carrera\2º Cuatrimestre\Aplicacion Programacion Avanzada\laboratorio\Practicas\PECL-1 CUDA\WorkSpace\APA-Damas\PECL-1 Damas CUDA\PECL-1 Damas CUDA>"C:\Program Files\NVIDIA GPU Computing Toolkit\CUDA\v8.0\bin\nvcc.exe" -ccbin "C:\Program Files (x86)\Microsoft Visual Studio 14.0\VC\bin\x86_amd64"  -I"C:\Program Files\NVIDIA GPU Computing Toolkit\CUDA\v8.0\include" -I"C:\Program Files\NVIDIA GPU Computing Toolkit\CUDA\v8.0\include"  -G -lineinfo  --keep-dir x64\Debug -maxrregcount=0  --machine 64 --compile   -g   -DWIN32 -DWIN64 -D_DEBUG -D_CONSOLE -D_MBCS -Xcompiler "/EHsc /W3 /nologo /Od /FS /Zi /RTC1 /MDd " -o x64\Debug\KernelMemGlobal.cu.obj "H:\Documentos\Mis Estudios\UAH\GII\3º de Carrera\2º Cuatrimestre\Aplicacion Programacion Avanzada\laboratorio\Practicas\PECL-1 CUDA\WorkSpace\APA-Damas\PECL-1 Damas CUDA\PECL-1 Damas CUDA\KernelMemGlobal.cu" -clean 
CUDACOMPILE : nvcc warning : The 'compute_20', 'sm_20', and 'sm_21' architectures are deprecated, and may be removed in a future release (Use -Wno-deprecated-gpu-targets to suppress warning).
  KernelMemGlobal.cu
  
  H:\Documentos\Mis Estudios\UAH\GII\3º de Carrera\2º Cuatrimestre\Aplicacion Programacion Avanzada\laboratorio\Practicas\PECL-1 CUDA\WorkSpace\APA-Damas\PECL-1 Damas CUDA\PECL-1 Damas CUDA>"C:\Program Files\NVIDIA GPU Computing Toolkit\CUDA\v8.0\bin\nvcc.exe" -ccbin "C:\Program Files (x86)\Microsoft Visual Studio 14.0\VC\bin\x86_amd64"  -I"C:\Program Files\NVIDIA GPU Computing Toolkit\CUDA\v8.0\include" -I"C:\Program Files\NVIDIA GPU Computing Toolkit\CUDA\v8.0\include"  -G -lineinfo  --keep-dir x64\Debug -maxrregcount=0  --machine 64 --compile   -g   -DWIN32 -DWIN64 -D_DEBUG -D_CONSOLE -D_MBCS -Xcompiler "/EHsc /W3 /nologo /Od /FS /Zi /RTC1 /MDd " -o x64\Debug\kernelMemShared.cu.obj "H:\Documentos\Mis Estudios\UAH\GII\3º de Carrera\2º Cuatrimestre\Aplicacion Programacion Avanzada\laboratorio\Practicas\PECL-1 CUDA\WorkSpace\APA-Damas\PECL-1 Damas CUDA\PECL-1 Damas CUDA\kernelMemShared.cu" -clean 
CUDACOMPILE : nvcc warning : The 'compute_20', 'sm_20', and 'sm_21' architectures are deprecated, and may be removed in a future release (Use -Wno-deprecated-gpu-targets to suppress warning).
  kernelMemShared.cu
  
  H:\Documentos\Mis Estudios\UAH\GII\3º de Carrera\2º Cuatrimestre\Aplicacion Programacion Avanzada\laboratorio\Practicas\PECL-1 CUDA\WorkSpace\APA-Damas\PECL-1 Damas CUDA\PECL-1 Damas CUDA>"C:\Program Files\NVIDIA GPU Computing Toolkit\CUDA\v8.0\bin\nvcc.exe" -ccbin "C:\Program Files (x86)\Microsoft Visual Studio 14.0\VC\bin\x86_amd64"  -I"C:\Program Files\NVIDIA GPU Computing Toolkit\CUDA\v8.0\include" -I"C:\Program Files\NVIDIA GPU Computing Toolkit\CUDA\v8.0\include"  -G -lineinfo  --keep-dir x64\Debug -maxrregcount=0  --machine 64 --compile   -g   -DWIN32 -DWIN64 -D_DEBUG -D_CONSOLE -D_MBCS -Xcompiler "/EHsc /W3 /nologo /Od /FS /Zi /RTC1 /MDd " -o x64\Debug\KernelMultiBlock.cu.obj "H:\Documentos\Mis Estudios\UAH\GII\3º de Carrera\2º Cuatrimestre\Aplicacion Programacion Avanzada\laboratorio\Practicas\PECL-1 CUDA\WorkSpace\APA-Damas\PECL-1 Damas CUDA\PECL-1 Damas CUDA\KernelMultiBlock.cu" -clean 
CUDACOMPILE : nvcc warning : The 'compute_20', 'sm_20', and 'sm_21' architectures are deprecated, and may be removed in a future release (Use -Wno-deprecated-gpu-targets to suppress warning).
  KernelMultiBlock.cu
  
  H:\Documentos\Mis Estudios\UAH\GII\3º de Carrera\2º Cuatrimestre\Aplicacion Programacion Avanzada\laboratorio\Practicas\PECL-1 CUDA\WorkSpace\APA-Damas\PECL-1 Damas CUDA\PECL-1 Damas CUDA>"C:\Program Files\NVIDIA GPU Computing Toolkit\CUDA\v8.0\bin\nvcc.exe" -ccbin "C:\Program Files (x86)\Microsoft Visual Studio 14.0\VC\bin\x86_amd64"  -I"C:\Program Files\NVIDIA GPU Computing Toolkit\CUDA\v8.0\include" -I"C:\Program Files\NVIDIA GPU Computing Toolkit\CUDA\v8.0\include"  -G -lineinfo  --keep-dir x64\Debug -maxrregcount=0  --machine 64 --compile   -g   -DWIN32 -DWIN64 -D_DEBUG -D_CONSOLE -D_MBCS -Xcompiler "/EHsc /W3 /nologo /Od /FS /Zi /RTC1 /MDd " -o x64\Debug\tablero.cu.obj "H:\Documentos\Mis Estudios\UAH\GII\3º de Carrera\2º Cuatrimestre\Aplicacion Programacion Avanzada\laboratorio\Practicas\PECL-1 CUDA\WorkSpace\APA-Damas\PECL-1 Damas CUDA\PECL-1 Damas CUDA\tablero.cu" -clean 
CUDACOMPILE : nvcc warning : The 'compute_20', 'sm_20', and 'sm_21' architectures are deprecated, and may be removed in a future release (Use -Wno-deprecated-gpu-targets to suppress warning).
  tablero.cu
  
  H:\Documentos\Mis Estudios\UAH\GII\3º de Carrera\2º Cuatrimestre\Aplicacion Programacion Avanzada\laboratorio\Practicas\PECL-1 CUDA\WorkSpace\APA-Damas\PECL-1 Damas CUDA\PECL-1 Damas CUDA>"C:\Program Files\NVIDIA GPU Computing Toolkit\CUDA\v8.0\bin\nvcc.exe" -ccbin "C:\Program Files (x86)\Microsoft Visual Studio 14.0\VC\bin\x86_amd64"  -I"C:\Program Files\NVIDIA GPU Computing Toolkit\CUDA\v8.0\include" -I"C:\Program Files\NVIDIA GPU Computing Toolkit\CUDA\v8.0\include"  -G -lineinfo  --keep-dir x64\Debug -maxrregcount=0  --machine 64 --compile   -g   -DWIN32 -DWIN64 -D_DEBUG -D_CONSOLE -D_MBCS -Xcompiler "/EHsc /W3 /nologo /Od /FS /Zi /RTC1 /MDd " -o x64\Debug\main.cu.obj "H:\Documentos\Mis Estudios\UAH\GII\3º de Carrera\2º Cuatrimestre\Aplicacion Programacion Avanzada\laboratorio\Practicas\PECL-1 CUDA\WorkSpace\APA-Damas\PECL-1 Damas CUDA\PECL-1 Damas CUDA\main.cu" -clean 
CUDACOMPILE : nvcc warning : The 'compute_20', 'sm_20', and 'sm_21' architectures are deprecated, and may be removed in a future release (Use -Wno-deprecated-gpu-targets to suppress warning).
  main.cu
  
  H:\Documentos\Mis Estudios\UAH\GII\3º de Carrera\2º Cuatrimestre\Aplicacion Programacion Avanzada\laboratorio\Practicas\PECL-1 CUDA\WorkSpace\APA-Damas\PECL-1 Damas CUDA\PECL-1 Damas CUDA>"C:\Program Files\NVIDIA GPU Computing Toolkit\CUDA\v8.0\bin\nvcc.exe" -ccbin "C:\Program Files (x86)\Microsoft Visual Studio 14.0\VC\bin\x86_amd64"  -I"C:\Program Files\NVIDIA GPU Computing Toolkit\CUDA\v8.0\include" -I"C:\Program Files\NVIDIA GPU Computing Toolkit\CUDA\v8.0\include"  -G -lineinfo  --keep-dir x64\Debug -maxrregcount=0  --machine 64 --compile   -g   -DWIN32 -DWIN64 -D_DEBUG -D_CONSOLE -D_MBCS -Xcompiler "/EHsc /W3 /nologo /Od /FS /Zi /RTC1 /MDd " -o x64\Debug\UtilGPU.cu.obj "H:\Documentos\Mis Estudios\UAH\GII\3º de Carrera\2º Cuatrimestre\Aplicacion Programacion Avanzada\laboratorio\Practicas\PECL-1 CUDA\WorkSpace\APA-Damas\PECL-1 Damas CUDA\PECL-1 Damas CUDA\UtilGPU.cu" -clean 
CUDACOMPILE : nvcc warning : The 'compute_20', 'sm_20', and 'sm_21' architectures are deprecated, and may be removed in a future release (Use -Wno-deprecated-gpu-targets to suppress warning).
  UtilGPU.cu
C:\Program Files (x86)\MSBuild\Microsoft.Cpp\v4.0\V140\Microsoft.CppBuild.targets(392,5): warning MSB8028: The intermediate directory (x64\Debug\) contains files shared from another project (PECL-1 Damas CUDA.vcxproj, PECL-1 Damas CUDA_vs13.vcxproj).  This can lead to incorrect clean and rebuild behavior.
  Compiling CUDA source file tableroGUI.cu...
  Compiling CUDA source file KernelMemGlobal.cu...
  
  H:\Documentos\Mis Estudios\UAH\GII\3º de Carrera\2º Cuatrimestre\Aplicacion Programacion Avanzada\laboratorio\Practicas\PECL-1 CUDA\WorkSpace\APA-Damas\PECL-1 Damas CUDA\PECL-1 Damas CUDA>"C:\Program Files\NVIDIA GPU Computing Toolkit\CUDA\v8.0\bin\nvcc.exe" -gencode=arch=compute_20,code=\"sm_20,compute_20\" --use-local-env --cl-version 2015 -ccbin "C:\Program Files (x86)\Microsoft Visual Studio 14.0\VC\bin\x86_amd64"  -I"C:\Program Files\NVIDIA GPU Computing Toolkit\CUDA\v8.0\include" -I"C:\Program Files\NVIDIA GPU Computing Toolkit\CUDA\v8.0\include"  -G -lineinfo  --keep-dir x64\Debug -maxrregcount=0  --machine 64 --compile -cudart none  -g   -DWIN32 -DWIN64 -D_DEBUG -D_CONSOLE -D_MBCS -Xcompiler "/EHsc /W3 /nologo /Od /FS /Zi /RTC1 /MDd " -o x64\Debug\tableroGUI.cu.obj "H:\Documentos\Mis Estudios\UAH\GII\3º de Carrera\2º Cuatrimestre\Aplicacion Programacion Avanzada\laboratorio\Practicas\PECL-1 CUDA\WorkSpace\APA-Damas\PECL-1 Damas CUDA\PECL-1 Damas CUDA\tableroGUI.cu" 
  
  H:\Documentos\Mis Estudios\UAH\GII\3º de Carrera\2º Cuatrimestre\Aplicacion Programacion Avanzada\laboratorio\Practicas\PECL-1 CUDA\WorkSpace\APA-Damas\PECL-1 Damas CUDA\PECL-1 Damas CUDA>"C:\Program Files\NVIDIA GPU Computing Toolkit\CUDA\v8.0\bin\nvcc.exe" -gencode=arch=compute_20,code=\"sm_20,compute_20\" --use-local-env --cl-version 2015 -ccbin "C:\Program Files (x86)\Microsoft Visual Studio 14.0\VC\bin\x86_amd64"  -I"C:\Program Files\NVIDIA GPU Computing Toolkit\CUDA\v8.0\include" -I"C:\Program Files\NVIDIA GPU Computing Toolkit\CUDA\v8.0\include"  -G -lineinfo  --keep-dir x64\Debug -maxrregcount=0  --machine 64 --compile -cudart none  -g   -DWIN32 -DWIN64 -D_DEBUG -D_CONSOLE -D_MBCS -Xcompiler "/EHsc /W3 /nologo /Od /FS /Zi /RTC1 /MDd " -o x64\Debug\KernelMemGlobal.cu.obj "H:\Documentos\Mis Estudios\UAH\GII\3º de Carrera\2º Cuatrimestre\Aplicacion Programacion Avanzada\laboratorio\Practicas\PECL-1 CUDA\WorkSpace\APA-Damas\PECL-1 Damas CUDA\PECL-1 Damas CUDA\KernelMemGlobal.cu" 
  Compiling CUDA source file kernelMemShared.cu...
  Compiling CUDA source file KernelMultiBlock.cu...
  
  H:\Documentos\Mis Estudios\UAH\GII\3º de Carrera\2º Cuatrimestre\Aplicacion Programacion Avanzada\laboratorio\Practicas\PECL-1 CUDA\WorkSpace\APA-Damas\PECL-1 Damas CUDA\PECL-1 Damas CUDA>"C:\Program Files\NVIDIA GPU Computing Toolkit\CUDA\v8.0\bin\nvcc.exe" -gencode=arch=compute_20,code=\"sm_20,compute_20\" --use-local-env --cl-version 2015 -ccbin "C:\Program Files (x86)\Microsoft Visual Studio 14.0\VC\bin\x86_amd64"  -I"C:\Program Files\NVIDIA GPU Computing Toolkit\CUDA\v8.0\include" -I"C:\Program Files\NVIDIA GPU Computing Toolkit\CUDA\v8.0\include"  -G -lineinfo  --keep-dir x64\Debug -maxrregcount=0  --machine 64 --compile -cudart none  -g   -DWIN32 -DWIN64 -D_DEBUG -D_CONSOLE -D_MBCS -Xcompiler "/EHsc /W3 /nologo /Od /FS /Zi /RTC1 /MDd " -o x64\Debug\kernelMemShared.cu.obj "H:\Documentos\Mis Estudios\UAH\GII\3º de Carrera\2º Cuatrimestre\Aplicacion Programacion Avanzada\laboratorio\Practicas\PECL-1 CUDA\WorkSpace\APA-Damas\PECL-1 Damas CUDA\PECL-1 Damas CUDA\kernelMemShared.cu" 
  
  H:\Documentos\Mis Estudios\UAH\GII\3º de Carrera\2º Cuatrimestre\Aplicacion Programacion Avanzada\laboratorio\Practicas\PECL-1 CUDA\WorkSpace\APA-Damas\PECL-1 Damas CUDA\PECL-1 Damas CUDA>"C:\Program Files\NVIDIA GPU Computing Toolkit\CUDA\v8.0\bin\nvcc.exe" -gencode=arch=compute_20,code=\"sm_20,compute_20\" --use-local-env --cl-version 2015 -ccbin "C:\Program Files (x86)\Microsoft Visual Studio 14.0\VC\bin\x86_amd64"  -I"C:\Program Files\NVIDIA GPU Computing Toolkit\CUDA\v8.0\include" -I"C:\Program Files\NVIDIA GPU Computing Toolkit\CUDA\v8.0\include"  -G -lineinfo  --keep-dir x64\Debug -maxrregcount=0  --machine 64 --compile -cudart none  -g   -DWIN32 -DWIN64 -D_DEBUG -D_CONSOLE -D_MBCS -Xcompiler "/EHsc /W3 /nologo /Od /FS /Zi /RTC1 /MDd " -o x64\Debug\KernelMultiBlock.cu.obj "H:\Documentos\Mis Estudios\UAH\GII\3º de Carrera\2º Cuatrimestre\Aplicacion Programacion Avanzada\laboratorio\Practicas\PECL-1 CUDA\WorkSpace\APA-Damas\PECL-1 Damas CUDA\PECL-1 Damas CUDA\KernelMultiBlock.cu" 
H:/Documentos/Mis Estudios/UAH/GII/3║ de Carrera/2║ Cuatrimestre/Aplicacion Programacion Avanzada/laboratorio/Practicas/PECL-1 CUDA/WorkSpace/APA-Damas/PECL-1 Damas CUDA/PECL-1 Damas CUDA/KernelMemGlobal.cu(72): warning : integer conversion resulted in a change of sign
H:/Documentos/Mis Estudios/UAH/GII/3║ de Carrera/2║ Cuatrimestre/Aplicacion Programacion Avanzada/laboratorio/Practicas/PECL-1 CUDA/WorkSpace/APA-Damas/PECL-1 Damas CUDA/PECL-1 Damas CUDA/KernelMemGlobal.cu(74): warning : integer conversion resulted in a change of sign
H:/Documentos/Mis Estudios/UAH/GII/3║ de Carrera/2║ Cuatrimestre/Aplicacion Programacion Avanzada/laboratorio/Practicas/PECL-1 CUDA/WorkSpace/APA-Damas/PECL-1 Damas CUDA/PECL-1 Damas CUDA/KernelMemGlobal.cu(117): warning : variable "error_play" was declared but never referenced
H:/Documentos/Mis Estudios/UAH/GII/3║ de Carrera/2║ Cuatrimestre/Aplicacion Programacion Avanzada/laboratorio/Practicas/PECL-1 CUDA/WorkSpace/APA-Damas/PECL-1 Damas CUDA/PECL-1 Damas CUDA/kernelMemShared.cu(115): warning : integer conversion resulted in a change of sign
H:/Documentos/Mis Estudios/UAH/GII/3║ de Carrera/2║ Cuatrimestre/Aplicacion Programacion Avanzada/laboratorio/Practicas/PECL-1 CUDA/WorkSpace/APA-Damas/PECL-1 Damas CUDA/PECL-1 Damas CUDA/kernelMemShared.cu(115): warning : integer conversion resulted in a change of sign
H:/Documentos/Mis Estudios/UAH/GII/3║ de Carrera/2║ Cuatrimestre/Aplicacion Programacion Avanzada/laboratorio/Practicas/PECL-1 CUDA/WorkSpace/APA-Damas/PECL-1 Damas CUDA/PECL-1 Damas CUDA/kernelMemShared.cu(134): warning : variable "error_play" was declared but never referenced
H:/Documentos/Mis Estudios/UAH/GII/3║ de Carrera/2║ Cuatrimestre/Aplicacion Programacion Avanzada/laboratorio/Practicas/PECL-1 CUDA/WorkSpace/APA-Damas/PECL-1 Damas CUDA/PECL-1 Damas CUDA/KernelMultiBlock.cu(47): warning : integer conversion resulted in a change of sign
H:/Documentos/Mis Estudios/UAH/GII/3║ de Carrera/2║ Cuatrimestre/Aplicacion Programacion Avanzada/laboratorio/Practicas/PECL-1 CUDA/WorkSpace/APA-Damas/PECL-1 Damas CUDA/PECL-1 Damas CUDA/KernelMultiBlock.cu(73): warning : integer conversion resulted in a change of sign
H:/Documentos/Mis Estudios/UAH/GII/3║ de Carrera/2║ Cuatrimestre/Aplicacion Programacion Avanzada/laboratorio/Practicas/PECL-1 CUDA/WorkSpace/APA-Damas/PECL-1 Damas CUDA/PECL-1 Damas CUDA/KernelMultiBlock.cu(75): warning : integer conversion resulted in a change of sign
H:/Documentos/Mis Estudios/UAH/GII/3║ de Carrera/2║ Cuatrimestre/Aplicacion Programacion Avanzada/laboratorio/Practicas/PECL-1 CUDA/WorkSpace/APA-Damas/PECL-1 Damas CUDA/PECL-1 Damas CUDA/KernelMultiBlock.cu(118): warning : variable "error_play" was declared but never referenced
H:/Documentos/Mis Estudios/UAH/GII/3║ de Carrera/2║ Cuatrimestre/Aplicacion Programacion Avanzada/laboratorio/Practicas/PECL-1 CUDA/WorkSpace/APA-Damas/PECL-1 Damas CUDA/PECL-1 Damas CUDA/KernelMemGlobal.cu(72): warning : integer conversion resulted in a change of sign
H:/Documentos/Mis Estudios/UAH/GII/3║ de Carrera/2║ Cuatrimestre/Aplicacion Programacion Avanzada/laboratorio/Practicas/PECL-1 CUDA/WorkSpace/APA-Damas/PECL-1 Damas CUDA/PECL-1 Damas CUDA/KernelMemGlobal.cu(74): warning : integer conversion resulted in a change of sign
H:/Documentos/Mis Estudios/UAH/GII/3║ de Carrera/2║ Cuatrimestre/Aplicacion Programacion Avanzada/laboratorio/Practicas/PECL-1 CUDA/WorkSpace/APA-Damas/PECL-1 Damas CUDA/PECL-1 Damas CUDA/KernelMemGlobal.cu(117): warning : variable "error_play" was declared but never referenced
H:/Documentos/Mis Estudios/UAH/GII/3║ de Carrera/2║ Cuatrimestre/Aplicacion Programacion Avanzada/laboratorio/Practicas/PECL-1 CUDA/WorkSpace/APA-Damas/PECL-1 Damas CUDA/PECL-1 Damas CUDA/kernelMemShared.cu(115): warning : integer conversion resulted in a change of sign
H:/Documentos/Mis Estudios/UAH/GII/3║ de Carrera/2║ Cuatrimestre/Aplicacion Programacion Avanzada/laboratorio/Practicas/PECL-1 CUDA/WorkSpace/APA-Damas/PECL-1 Damas CUDA/PECL-1 Damas CUDA/kernelMemShared.cu(115): warning : integer conversion resulted in a change of sign
H:/Documentos/Mis Estudios/UAH/GII/3║ de Carrera/2║ Cuatrimestre/Aplicacion Programacion Avanzada/laboratorio/Practicas/PECL-1 CUDA/WorkSpace/APA-Damas/PECL-1 Damas CUDA/PECL-1 Damas CUDA/kernelMemShared.cu(134): warning : variable "error_play" was declared but never referenced
H:/Documentos/Mis Estudios/UAH/GII/3║ de Carrera/2║ Cuatrimestre/Aplicacion Programacion Avanzada/laboratorio/Practicas/PECL-1 CUDA/WorkSpace/APA-Damas/PECL-1 Damas CUDA/PECL-1 Damas CUDA/KernelMultiBlock.cu(47): warning : integer conversion resulted in a change of sign
H:/Documentos/Mis Estudios/UAH/GII/3║ de Carrera/2║ Cuatrimestre/Aplicacion Programacion Avanzada/laboratorio/Practicas/PECL-1 CUDA/WorkSpace/APA-Damas/PECL-1 Damas CUDA/PECL-1 Damas CUDA/KernelMultiBlock.cu(73): warning : integer conversion resulted in a change of sign
H:/Documentos/Mis Estudios/UAH/GII/3║ de Carrera/2║ Cuatrimestre/Aplicacion Programacion Avanzada/laboratorio/Practicas/PECL-1 CUDA/WorkSpace/APA-Damas/PECL-1 Damas CUDA/PECL-1 Damas CUDA/KernelMultiBlock.cu(75): warning : integer conversion resulted in a change of sign
H:/Documentos/Mis Estudios/UAH/GII/3║ de Carrera/2║ Cuatrimestre/Aplicacion Programacion Avanzada/laboratorio/Practicas/PECL-1 CUDA/WorkSpace/APA-Damas/PECL-1 Damas CUDA/PECL-1 Damas CUDA/KernelMultiBlock.cu(118): warning : variable "error_play" was declared but never referenced
CUDACOMPILE : nvcc warning : The 'compute_20', 'sm_20', and 'sm_21' architectures are deprecated, and may be removed in a future release (Use -Wno-deprecated-gpu-targets to suppress warning).
  KernelMemGlobal.cu
CUDACOMPILE : nvcc warning : The 'compute_20', 'sm_20', and 'sm_21' architectures are deprecated, and may be removed in a future release (Use -Wno-deprecated-gpu-targets to suppress warning).
  kernelMemShared.cu
CUDACOMPILE : nvcc warning : The 'compute_20', 'sm_20', and 'sm_21' architectures are deprecated, and may be removed in a future release (Use -Wno-deprecated-gpu-targets to suppress warning).
  KernelMultiBlock.cu
H:/Documentos/Mis Estudios/UAH/GII/3º de Carrera/2º Cuatrimestre/Aplicacion Programacion Avanzada/laboratorio/Practicas/PECL-1 CUDA/WorkSpace/APA-Damas/PECL-1 Damas CUDA/PECL-1 Damas CUDA/KernelMemGlobal.cu(122): warning C4244: 'argumento': conversión de 'double' a 'unsigned int'; posible pérdida de datos
H:/Documentos/Mis Estudios/UAH/GII/3º de Carrera/2º Cuatrimestre/Aplicacion Programacion Avanzada/laboratorio/Practicas/PECL-1 CUDA/WorkSpace/APA-Damas/PECL-1 Damas CUDA/PECL-1 Damas CUDA/KernelMemGlobal.cu(123): warning C4244: 'inicializando': conversión de 'double' a 'std::size_t'; posible pérdida de datos
H:/Documentos/Mis Estudios/UAH/GII/3º de Carrera/2º Cuatrimestre/Aplicacion Programacion Avanzada/laboratorio/Practicas/PECL-1 CUDA/WorkSpace/APA-Damas/PECL-1 Damas CUDA/PECL-1 Damas CUDA/KernelMemGlobal.cu(128): warning C4244: 'argumento': conversión de 'double' a 'int'; posible pérdida de datos
H:/Documentos/Mis Estudios/UAH/GII/3º de Carrera/2º Cuatrimestre/Aplicacion Programacion Avanzada/laboratorio/Practicas/PECL-1 CUDA/WorkSpace/APA-Damas/PECL-1 Damas CUDA/PECL-1 Damas CUDA/KernelMultiBlock.cu(122): warning C4244: 'argumento': conversión de 'double' a 'unsigned int'; posible pérdida de datos
H:/Documentos/Mis Estudios/UAH/GII/3º de Carrera/2º Cuatrimestre/Aplicacion Programacion Avanzada/laboratorio/Practicas/PECL-1 CUDA/WorkSpace/APA-Damas/PECL-1 Damas CUDA/PECL-1 Damas CUDA/KernelMultiBlock.cu(128): warning C4244: 'argumento': conversión de 'double' a 'int'; posible pérdida de datos
  Compiling CUDA source file tablero.cu...
  Compiling CUDA source file main.cu...
  Compiling CUDA source file UtilGPU.cu...
  
  H:\Documentos\Mis Estudios\UAH\GII\3º de Carrera\2º Cuatrimestre\Aplicacion Programacion Avanzada\laboratorio\Practicas\PECL-1 CUDA\WorkSpace\APA-Damas\PECL-1 Damas CUDA\PECL-1 Damas CUDA>"C:\Program Files\NVIDIA GPU Computing Toolkit\CUDA\v8.0\bin\nvcc.exe" -gencode=arch=compute_20,code=\"sm_20,compute_20\" --use-local-env --cl-version 2015 -ccbin "C:\Program Files (x86)\Microsoft Visual Studio 14.0\VC\bin\x86_amd64"  -I"C:\Program Files\NVIDIA GPU Computing Toolkit\CUDA\v8.0\include" -I"C:\Program Files\NVIDIA GPU Computing Toolkit\CUDA\v8.0\include"  -G -lineinfo  --keep-dir x64\Debug -maxrregcount=0  --machine 64 --compile -cudart none  -g   -DWIN32 -DWIN64 -D_DEBUG -D_CONSOLE -D_MBCS -Xcompiler "/EHsc /W3 /nologo /Od /FS /Zi /RTC1 /MDd " -o x64\Debug\main.cu.obj "H:\Documentos\Mis Estudios\UAH\GII\3º de Carrera\2º Cuatrimestre\Aplicacion Programacion Avanzada\laboratorio\Practicas\PECL-1 CUDA\WorkSpace\APA-Damas\PECL-1 Damas CUDA\PECL-1 Damas CUDA\main.cu" 
  
  H:\Documentos\Mis Estudios\UAH\GII\3º de Carrera\2º Cuatrimestre\Aplicacion Programacion Avanzada\laboratorio\Practicas\PECL-1 CUDA\WorkSpace\APA-Damas\PECL-1 Damas CUDA\PECL-1 Damas CUDA>"C:\Program Files\NVIDIA GPU Computing Toolkit\CUDA\v8.0\bin\nvcc.exe" -gencode=arch=compute_20,code=\"sm_20,compute_20\" --use-local-env --cl-version 2015 -ccbin "C:\Program Files (x86)\Microsoft Visual Studio 14.0\VC\bin\x86_amd64"  -I"C:\Program Files\NVIDIA GPU Computing Toolkit\CUDA\v8.0\include" -I"C:\Program Files\NVIDIA GPU Computing Toolkit\CUDA\v8.0\include"  -G -lineinfo  --keep-dir x64\Debug -maxrregcount=0  --machine 64 --compile -cudart none  -g   -DWIN32 -DWIN64 -D_DEBUG -D_CONSOLE -D_MBCS -Xcompiler "/EHsc /W3 /nologo /Od /FS /Zi /RTC1 /MDd " -o x64\Debug\tablero.cu.obj "H:\Documentos\Mis Estudios\UAH\GII\3º de Carrera\2º Cuatrimestre\Aplicacion Programacion Avanzada\laboratorio\Practicas\PECL-1 CUDA\WorkSpace\APA-Damas\PECL-1 Damas CUDA\PECL-1 Damas CUDA\tablero.cu" 
  
  H:\Documentos\Mis Estudios\UAH\GII\3º de Carrera\2º Cuatrimestre\Aplicacion Programacion Avanzada\laboratorio\Practicas\PECL-1 CUDA\WorkSpace\APA-Damas\PECL-1 Damas CUDA\PECL-1 Damas CUDA>"C:\Program Files\NVIDIA GPU Computing Toolkit\CUDA\v8.0\bin\nvcc.exe" -gencode=arch=compute_20,code=\"sm_20,compute_20\" --use-local-env --cl-version 2015 -ccbin "C:\Program Files (x86)\Microsoft Visual Studio 14.0\VC\bin\x86_amd64"  -I"C:\Program Files\NVIDIA GPU Computing Toolkit\CUDA\v8.0\include" -I"C:\Program Files\NVIDIA GPU Computing Toolkit\CUDA\v8.0\include"  -G -lineinfo  --keep-dir x64\Debug -maxrregcount=0  --machine 64 --compile -cudart none  -g   -DWIN32 -DWIN64 -D_DEBUG -D_CONSOLE -D_MBCS -Xcompiler "/EHsc /W3 /nologo /Od /FS /Zi /RTC1 /MDd " -o x64\Debug\UtilGPU.cu.obj "H:\Documentos\Mis Estudios\UAH\GII\3º de Carrera\2º Cuatrimestre\Aplicacion Programacion Avanzada\laboratorio\Practicas\PECL-1 CUDA\WorkSpace\APA-Damas\PECL-1 Damas CUDA\PECL-1 Damas CUDA\UtilGPU.cu" 
CUDACOMPILE : nvcc warning : The 'compute_20', 'sm_20', and 'sm_21' architectures are deprecated, and may be removed in a future release (Use -Wno-deprecated-gpu-targets to suppress warning).
  tableroGUI.cu
H:/Documentos/Mis Estudios/UAH/GII/3║ de Carrera/2║ Cuatrimestre/Aplicacion Programacion Avanzada/laboratorio/Practicas/PECL-1 CUDA/WorkSpace/APA-Damas/PECL-1 Damas CUDA/PECL-1 Damas CUDA/tablero.cu(74): warning : variable "cont" was declared but never referenced
H:/Documentos/Mis Estudios/UAH/GII/3║ de Carrera/2║ Cuatrimestre/Aplicacion Programacion Avanzada/laboratorio/Practicas/PECL-1 CUDA/WorkSpace/APA-Damas/PECL-1 Damas CUDA/PECL-1 Damas CUDA/tablero.cu(138): warning : variable "cont" was declared but never referenced
H:/Documentos/Mis Estudios/UAH/GII/3║ de Carrera/2║ Cuatrimestre/Aplicacion Programacion Avanzada/laboratorio/Practicas/PECL-1 CUDA/WorkSpace/APA-Damas/PECL-1 Damas CUDA/PECL-1 Damas CUDA/tablero.cu(139): warning : variable "row" was declared but never referenced
H:/Documentos/Mis Estudios/UAH/GII/3║ de Carrera/2║ Cuatrimestre/Aplicacion Programacion Avanzada/laboratorio/Practicas/PECL-1 CUDA/WorkSpace/APA-Damas/PECL-1 Damas CUDA/PECL-1 Damas CUDA/tablero.cu(139): warning : variable "col" was declared but never referenced
CUDACOMPILE : nvcc warning : The 'compute_20', 'sm_20', and 'sm_21' architectures are deprecated, and may be removed in a future release (Use -Wno-deprecated-gpu-targets to suppress warning).
  UtilGPU.cu
H:/Documentos/Mis Estudios/UAH/GII/3║ de Carrera/2║ Cuatrimestre/Aplicacion Programacion Avanzada/laboratorio/Practicas/PECL-1 CUDA/WorkSpace/APA-Damas/PECL-1 Damas CUDA/PECL-1 Damas CUDA/tablero.cu(74): warning : variable "cont" was declared but never referenced
H:/Documentos/Mis Estudios/UAH/GII/3║ de Carrera/2║ Cuatrimestre/Aplicacion Programacion Avanzada/laboratorio/Practicas/PECL-1 CUDA/WorkSpace/APA-Damas/PECL-1 Damas CUDA/PECL-1 Damas CUDA/tablero.cu(138): warning : variable "cont" was declared but never referenced
H:/Documentos/Mis Estudios/UAH/GII/3║ de Carrera/2║ Cuatrimestre/Aplicacion Programacion Avanzada/laboratorio/Practicas/PECL-1 CUDA/WorkSpace/APA-Damas/PECL-1 Damas CUDA/PECL-1 Damas CUDA/tablero.cu(139): warning : variable "row" was declared but never referenced
H:/Documentos/Mis Estudios/UAH/GII/3║ de Carrera/2║ Cuatrimestre/Aplicacion Programacion Avanzada/laboratorio/Practicas/PECL-1 CUDA/WorkSpace/APA-Damas/PECL-1 Damas CUDA/PECL-1 Damas CUDA/tablero.cu(139): warning : variable "col" was declared but never referenced
CUDACOMPILE : nvcc warning : The 'compute_20', 'sm_20', and 'sm_21' architectures are deprecated, and may be removed in a future release (Use -Wno-deprecated-gpu-targets to suppress warning).
  main.cu
CUDACOMPILE : nvcc warning : The 'compute_20', 'sm_20', and 'sm_21' architectures are deprecated, and may be removed in a future release (Use -Wno-deprecated-gpu-targets to suppress warning).
  tablero.cu
H:/Documentos/Mis Estudios/UAH/GII/3º de Carrera/2º Cuatrimestre/Aplicacion Programacion Avanzada/laboratorio/Practicas/PECL-1 CUDA/WorkSpace/APA-Damas/PECL-1 Damas CUDA/PECL-1 Damas CUDA/tablero.cu(146): warning C4244: 'inicializando': conversión de 'double' a 'int'; posible pérdida de datos
H:/Documentos/Mis Estudios/UAH/GII/3º de Carrera/2º Cuatrimestre/Aplicacion Programacion Avanzada/laboratorio/Practicas/PECL-1 CUDA/WorkSpace/APA-Damas/PECL-1 Damas CUDA/PECL-1 Damas CUDA/tablero.cu(147): warning C4244: 'argumento': conversión de 'time_t' a 'unsigned int'; posible pérdida de datos
H:/Documentos/Mis Estudios/UAH/GII/3º de Carrera/2º Cuatrimestre/Aplicacion Programacion Avanzada/laboratorio/Practicas/PECL-1 CUDA/WorkSpace/APA-Damas/PECL-1 Damas CUDA/PECL-1 Damas CUDA/tablero.cu(163): warning C4244: 'argumento': conversión de 'double' a 'std::streamsize'; posible pérdida de datos
H:/Documentos/Mis Estudios/UAH/GII/3º de Carrera/2º Cuatrimestre/Aplicacion Programacion Avanzada/laboratorio/Practicas/PECL-1 CUDA/WorkSpace/APA-Damas/PECL-1 Damas CUDA/PECL-1 Damas CUDA/tablero.cu(235): warning C4244: 'argumento': conversión de 'double' a 'int'; posible pérdida de datos
  Persistencia.cpp
  GPUCarasteristic.cpp
  Generando código...
  PECL-1 Damas CUDA_vs15.vcxproj -> H:\Documentos\Mis Estudios\UAH\GII\3º de Carrera\2º Cuatrimestre\Aplicacion Programacion Avanzada\laboratorio\Practicas\PECL-1 CUDA\WorkSpace\APA-Damas\PECL-1 Damas CUDA\x64\Debug\PECL-1 Damas CUDA_vs15.exe
  PECL-1 Damas CUDA_vs15.vcxproj -> H:\Documentos\Mis Estudios\UAH\GII\3º de Carrera\2º Cuatrimestre\Aplicacion Programacion Avanzada\laboratorio\Practicas\PECL-1 CUDA\WorkSpace\APA-Damas\PECL-1 Damas CUDA\x64\Debug\PECL-1 Damas CUDA_vs15.pdb (Full PDB)
  copy "C:\Program Files\NVIDIA GPU Computing Toolkit\CUDA\v8.0\bin\cudart*.dll" "H:\Documentos\Mis Estudios\UAH\GII\3º de Carrera\2º Cuatrimestre\Aplicacion Programacion Avanzada\laboratorio\Practicas\PECL-1 CUDA\WorkSpace\APA-Damas\PECL-1 Damas CUDA\x64\Debug\"
  C:\Program Files\NVIDIA GPU Computing Toolkit\CUDA\v8.0\bin\cudart32_80.dll
  C:\Program Files\NVIDIA GPU Computing Toolkit\CUDA\v8.0\bin\cudart64_80.dll
          2 archivo(s) copiado(s).
