Compilación iniciada a las 08/03/2018 13:33:26.
     1>Proyecto "C:\Users\Daniel\Documents\Visual Studio 2013\Projects\PECL1_CUDA\APA-Damas\PECL-1 Damas CUDA\PECL-1 Damas CUDA\PECL-1 Damas CUDA_vs13.vcxproj" en el nodo 2 (Build destinos).
     1>C:\Program Files (x86)\MSBuild\Microsoft.Cpp\v4.0\V120\Microsoft.CppBuild.targets(381,5): warning MSB8028: The intermediate directory (x64\Debug\) contains files shared from another project (PECL-1 Damas CUDA.vcxproj).  This can lead to incorrect clean and rebuild behavior.
     1>AddCudaCompileDeps:
         C:\Program Files (x86)\Microsoft Visual Studio 12.0\VC\bin\x86_amd64\cl.exe /E /nologo /showIncludes /TP /D__CUDACC__ /DWIN32 /DWIN64 /D_DEBUG /D_CONSOLE /D_MBCS /I"C:\Program Files\NVIDIA GPU Computing Toolkit\CUDA\v8.0\include" /I"C:\Program Files\NVIDIA GPU Computing Toolkit\CUDA\v8.0\bin" /I"C:\Program Files\NVIDIA GPU Computing Toolkit\CUDA\v8.0\include" /I. /FIcuda_runtime.h /c "C:\Users\Daniel\Documents\Visual Studio 2013\Projects\PECL1_CUDA\APA-Damas\PECL-1 Damas CUDA\PECL-1 Damas CUDA\tablero.cu" 
       AddCudaCompileDeps:
         C:\Program Files (x86)\Microsoft Visual Studio 12.0\VC\bin\x86_amd64\cl.exe /E /nologo /showIncludes /TP /D__CUDACC__ /DWIN32 /DWIN64 /D_DEBUG /D_CONSOLE /D_MBCS /I"C:\Program Files\NVIDIA GPU Computing Toolkit\CUDA\v8.0\include" /I"C:\Program Files\NVIDIA GPU Computing Toolkit\CUDA\v8.0\bin" /I"C:\Program Files\NVIDIA GPU Computing Toolkit\CUDA\v8.0\include" /I. /FIcuda_runtime.h /c "C:\Users\Daniel\Documents\Visual Studio 2013\Projects\PECL1_CUDA\APA-Damas\PECL-1 Damas CUDA\PECL-1 Damas CUDA\main.cu" 
       AddCudaCompileDeps:
         C:\Program Files (x86)\Microsoft Visual Studio 12.0\VC\bin\x86_amd64\cl.exe /E /nologo /showIncludes /TP /D__CUDACC__ /DWIN32 /DWIN64 /D_DEBUG /D_CONSOLE /D_MBCS /I"C:\Program Files\NVIDIA GPU Computing Toolkit\CUDA\v8.0\include" /I"C:\Program Files\NVIDIA GPU Computing Toolkit\CUDA\v8.0\bin" /I"C:\Program Files\NVIDIA GPU Computing Toolkit\CUDA\v8.0\include" /I. /FIcuda_runtime.h /c "C:\Users\Daniel\Documents\Visual Studio 2013\Projects\PECL1_CUDA\APA-Damas\PECL-1 Damas CUDA\PECL-1 Damas CUDA\UtilGPU.cu" 
     1>El proyecto "C:\Users\Daniel\Documents\Visual Studio 2013\Projects\PECL1_CUDA\APA-Damas\PECL-1 Damas CUDA\PECL-1 Damas CUDA\PECL-1 Damas CUDA_vs13.vcxproj" (1) está compilando "C:\Users\Daniel\Documents\Visual Studio 2013\Projects\PECL1_CUDA\APA-Damas\PECL-1 Damas CUDA\PECL-1 Damas CUDA\PECL-1 Damas CUDA_vs13.vcxproj" (1:2) en el nodo 2 (CudaBuildCore destinos).
     1>CudaBuildCore:
         Compiling CUDA source file tablero.cu...
     1>El proyecto "C:\Users\Daniel\Documents\Visual Studio 2013\Projects\PECL1_CUDA\APA-Damas\PECL-1 Damas CUDA\PECL-1 Damas CUDA\PECL-1 Damas CUDA_vs13.vcxproj" (1) está compilando "C:\Users\Daniel\Documents\Visual Studio 2013\Projects\PECL1_CUDA\APA-Damas\PECL-1 Damas CUDA\PECL-1 Damas CUDA\PECL-1 Damas CUDA_vs13.vcxproj" (1:3) en el nodo 3 (CudaBuildCore destinos).
     1>CudaBuildCore:
         Compiling CUDA source file UtilGPU.cu...
     1>CudaBuildCore:
         cmd.exe /C "C:\Users\Daniel\AppData\Local\Temp\tmp98ee6f6c93ac4ecf926d5bef73bb2ecd.cmd"
         "C:\Program Files\NVIDIA GPU Computing Toolkit\CUDA\v8.0\bin\nvcc.exe" -gencode=arch=compute_20,code=\"sm_20,compute_20\" --use-local-env --cl-version 2013 -ccbin "C:\Program Files (x86)\Microsoft Visual Studio 12.0\VC\bin\x86_amd64"  -I"C:\Program Files\NVIDIA GPU Computing Toolkit\CUDA\v8.0\include" -I"C:\Program Files\NVIDIA GPU Computing Toolkit\CUDA\v8.0\include"  -G   --keep-dir x64\Debug -maxrregcount=0  --machine 64 --compile -cudart static  -g   -DWIN32 -DWIN64 -D_DEBUG -D_CONSOLE -D_MBCS -Xcompiler "/EHsc /W3 /nologo /Od /FS /Zi /RTC1 /MDd " -o x64\Debug\tablero.cu.obj "C:\Users\Daniel\Documents\Visual Studio 2013\Projects\PECL1_CUDA\APA-Damas\PECL-1 Damas CUDA\PECL-1 Damas CUDA\tablero.cu"
         
         C:\Users\Daniel\Documents\Visual Studio 2013\Projects\PECL1_CUDA\APA-Damas\PECL-1 Damas CUDA\PECL-1 Damas CUDA>"C:\Program Files\NVIDIA GPU Computing Toolkit\CUDA\v8.0\bin\nvcc.exe" -gencode=arch=compute_20,code=\"sm_20,compute_20\" --use-local-env --cl-version 2013 -ccbin "C:\Program Files (x86)\Microsoft Visual Studio 12.0\VC\bin\x86_amd64"  -I"C:\Program Files\NVIDIA GPU Computing Toolkit\CUDA\v8.0\include" -I"C:\Program Files\NVIDIA GPU Computing Toolkit\CUDA\v8.0\include"  -G   --keep-dir x64\Debug -maxrregcount=0  --machine 64 --compile -cudart static  -g   -DWIN32 -DWIN64 -D_DEBUG -D_CONSOLE -D_MBCS -Xcompiler "/EHsc /W3 /nologo /Od /FS /Zi /RTC1 /MDd " -o x64\Debug\tablero.cu.obj "C:\Users\Daniel\Documents\Visual Studio 2013\Projects\PECL1_CUDA\APA-Damas\PECL-1 Damas CUDA\PECL-1 Damas CUDA\tablero.cu" 
     1>CudaBuildCore:
         cmd.exe /C "C:\Users\Daniel\AppData\Local\Temp\tmp87370a76348749e78af3d262e5842717.cmd"
         "C:\Program Files\NVIDIA GPU Computing Toolkit\CUDA\v8.0\bin\nvcc.exe" -gencode=arch=compute_20,code=\"sm_20,compute_20\" --use-local-env --cl-version 2013 -ccbin "C:\Program Files (x86)\Microsoft Visual Studio 12.0\VC\bin\x86_amd64"  -I"C:\Program Files\NVIDIA GPU Computing Toolkit\CUDA\v8.0\include" -I"C:\Program Files\NVIDIA GPU Computing Toolkit\CUDA\v8.0\include"  -G   --keep-dir x64\Debug -maxrregcount=0  --machine 64 --compile -cudart static  -g   -DWIN32 -DWIN64 -D_DEBUG -D_CONSOLE -D_MBCS -Xcompiler "/EHsc /W3 /nologo /Od /FS /Zi /RTC1 /MDd " -o x64\Debug\UtilGPU.cu.obj "C:\Users\Daniel\Documents\Visual Studio 2013\Projects\PECL1_CUDA\APA-Damas\PECL-1 Damas CUDA\PECL-1 Damas CUDA\UtilGPU.cu"
         
         C:\Users\Daniel\Documents\Visual Studio 2013\Projects\PECL1_CUDA\APA-Damas\PECL-1 Damas CUDA\PECL-1 Damas CUDA>"C:\Program Files\NVIDIA GPU Computing Toolkit\CUDA\v8.0\bin\nvcc.exe" -gencode=arch=compute_20,code=\"sm_20,compute_20\" --use-local-env --cl-version 2013 -ccbin "C:\Program Files (x86)\Microsoft Visual Studio 12.0\VC\bin\x86_amd64"  -I"C:\Program Files\NVIDIA GPU Computing Toolkit\CUDA\v8.0\include" -I"C:\Program Files\NVIDIA GPU Computing Toolkit\CUDA\v8.0\include"  -G   --keep-dir x64\Debug -maxrregcount=0  --machine 64 --compile -cudart static  -g   -DWIN32 -DWIN64 -D_DEBUG -D_CONSOLE -D_MBCS -Xcompiler "/EHsc /W3 /nologo /Od /FS /Zi /RTC1 /MDd " -o x64\Debug\UtilGPU.cu.obj "C:\Users\Daniel\Documents\Visual Studio 2013\Projects\PECL1_CUDA\APA-Damas\PECL-1 Damas CUDA\PECL-1 Damas CUDA\UtilGPU.cu" 
     1>El proyecto "C:\Users\Daniel\Documents\Visual Studio 2013\Projects\PECL1_CUDA\APA-Damas\PECL-1 Damas CUDA\PECL-1 Damas CUDA\PECL-1 Damas CUDA_vs13.vcxproj" (1) está compilando "C:\Users\Daniel\Documents\Visual Studio 2013\Projects\PECL1_CUDA\APA-Damas\PECL-1 Damas CUDA\PECL-1 Damas CUDA\PECL-1 Damas CUDA_vs13.vcxproj" (1:4) en el nodo 1 (CudaBuildCore destinos).
     1>CudaBuildCore:
         Compiling CUDA source file main.cu...
         cmd.exe /C "C:\Users\Daniel\AppData\Local\Temp\tmp3ff046f40d37439ba2942b21fec62864.cmd"
         "C:\Program Files\NVIDIA GPU Computing Toolkit\CUDA\v8.0\bin\nvcc.exe" -gencode=arch=compute_20,code=\"sm_20,compute_20\" --use-local-env --cl-version 2013 -ccbin "C:\Program Files (x86)\Microsoft Visual Studio 12.0\VC\bin\x86_amd64"  -I"C:\Program Files\NVIDIA GPU Computing Toolkit\CUDA\v8.0\include" -I"C:\Program Files\NVIDIA GPU Computing Toolkit\CUDA\v8.0\include"  -G   --keep-dir x64\Debug -maxrregcount=0  --machine 64 --compile -cudart static  -g   -DWIN32 -DWIN64 -D_DEBUG -D_CONSOLE -D_MBCS -Xcompiler "/EHsc /W3 /nologo /Od /FS /Zi /RTC1 /MDd " -o x64\Debug\main.cu.obj "C:\Users\Daniel\Documents\Visual Studio 2013\Projects\PECL1_CUDA\APA-Damas\PECL-1 Damas CUDA\PECL-1 Damas CUDA\main.cu"
         
         C:\Users\Daniel\Documents\Visual Studio 2013\Projects\PECL1_CUDA\APA-Damas\PECL-1 Damas CUDA\PECL-1 Damas CUDA>"C:\Program Files\NVIDIA GPU Computing Toolkit\CUDA\v8.0\bin\nvcc.exe" -gencode=arch=compute_20,code=\"sm_20,compute_20\" --use-local-env --cl-version 2013 -ccbin "C:\Program Files (x86)\Microsoft Visual Studio 12.0\VC\bin\x86_amd64"  -I"C:\Program Files\NVIDIA GPU Computing Toolkit\CUDA\v8.0\include" -I"C:\Program Files\NVIDIA GPU Computing Toolkit\CUDA\v8.0\include"  -G   --keep-dir x64\Debug -maxrregcount=0  --machine 64 --compile -cudart static  -g   -DWIN32 -DWIN64 -D_DEBUG -D_CONSOLE -D_MBCS -Xcompiler "/EHsc /W3 /nologo /Od /FS /Zi /RTC1 /MDd " -o x64\Debug\main.cu.obj "C:\Users\Daniel\Documents\Visual Studio 2013\Projects\PECL1_CUDA\APA-Damas\PECL-1 Damas CUDA\PECL-1 Damas CUDA\main.cu" 
     1>CUDACOMPILE : nvcc warning : The 'compute_20', 'sm_20', and 'sm_21' architectures are deprecated, and may be removed in a future release (Use -Wno-deprecated-gpu-targets to suppress warning).
         tablero.cu
     1>CUDACOMPILE : nvcc warning : The 'compute_20', 'sm_20', and 'sm_21' architectures are deprecated, and may be removed in a future release (Use -Wno-deprecated-gpu-targets to suppress warning).
         UtilGPU.cu
     1>Compilación del proyecto terminada "C:\Users\Daniel\Documents\Visual Studio 2013\Projects\PECL1_CUDA\APA-Damas\PECL-1 Damas CUDA\PECL-1 Damas CUDA\PECL-1 Damas CUDA_vs13.vcxproj" (CudaBuildCore destinos).
     1>Compilación del proyecto terminada "C:\Users\Daniel\Documents\Visual Studio 2013\Projects\PECL1_CUDA\APA-Damas\PECL-1 Damas CUDA\PECL-1 Damas CUDA\PECL-1 Damas CUDA_vs13.vcxproj" (CudaBuildCore destinos).
     1>CUDACOMPILE : nvcc warning : The 'compute_20', 'sm_20', and 'sm_21' architectures are deprecated, and may be removed in a future release (Use -Wno-deprecated-gpu-targets to suppress warning).
         main.cu
     1>Compilación del proyecto terminada "C:\Users\Daniel\Documents\Visual Studio 2013\Projects\PECL1_CUDA\APA-Damas\PECL-1 Damas CUDA\PECL-1 Damas CUDA\PECL-1 Damas CUDA_vs13.vcxproj" (CudaBuildCore destinos).
     1>ClCompile:
         C:\Program Files (x86)\Microsoft Visual Studio 12.0\VC\bin\x86_amd64\CL.exe /c /I"C:\Program Files\NVIDIA GPU Computing Toolkit\CUDA\v8.0\include" /Zi /nologo /W3 /WX- /Od /D WIN32 /D WIN64 /D _DEBUG /D _CONSOLE /D _MBCS /Gm /EHsc /RTC1 /MDd /GS /fp:precise /Zc:wchar_t /Zc:forScope /Fo"x64\Debug\\" /Fd"x64\Debug\vc120.pdb" /Gd /TP /errorReport:prompt GPUCarasteristic.cpp
         GPUCarasteristic.cpp
       Link:
         C:\Program Files (x86)\Microsoft Visual Studio 12.0\VC\bin\x86_amd64\link.exe /ERRORREPORT:PROMPT /OUT:"C:\Users\Daniel\Documents\Visual Studio 2013\Projects\PECL1_CUDA\APA-Damas\PECL-1 Damas CUDA\x64\Debug\PECL-1 Damas CUDA_vs13.exe" /INCREMENTAL /NOLOGO /LIBPATH:"C:\Program Files\NVIDIA GPU Computing Toolkit\CUDA\v8.0\lib\x64" cudart.lib kernel32.lib user32.lib gdi32.lib winspool.lib comdlg32.lib advapi32.lib shell32.lib ole32.lib oleaut32.lib uuid.lib odbc32.lib odbccp32.lib kernel32.lib user32.lib gdi32.lib winspool.lib comdlg32.lib advapi32.lib shell32.lib ole32.lib oleaut32.lib uuid.lib odbc32.lib odbccp32.lib /MANIFEST /MANIFESTUAC:"level='asInvoker' uiAccess='false'" /manifest:embed /DEBUG /PDB:"C:\Users\Daniel\Documents\Visual Studio 2013\Projects\PECL1_CUDA\APA-Damas\PECL-1 Damas CUDA\x64\Debug\PECL-1 Damas CUDA_vs13.pdb" /SUBSYSTEM:CONSOLE /TLBID:1 /DYNAMICBASE /NXCOMPAT /IMPLIB:"C:\Users\Daniel\Documents\Visual Studio 2013\Projects\PECL1_CUDA\APA-Damas\PECL-1 Damas CUDA\x64\Debug\PECL-1 Damas CUDA_vs13.lib" /MACHINE:X64 x64\Debug\tablero.cu.obj
         x64\Debug\main.cu.obj
         x64\Debug\UtilGPU.cu.obj
         x64\Debug\GPUCarasteristic.obj
         PECL-1 Damas CUDA_vs13.vcxproj -> C:\Users\Daniel\Documents\Visual Studio 2013\Projects\PECL1_CUDA\APA-Damas\PECL-1 Damas CUDA\x64\Debug\PECL-1 Damas CUDA_vs13.exe
       PostBuildEvent:
         echo copy "C:\Program Files\NVIDIA GPU Computing Toolkit\CUDA\v8.0\bin\cudart*.dll" "C:\Users\Daniel\Documents\Visual Studio 2013\Projects\PECL1_CUDA\APA-Damas\PECL-1 Damas CUDA\x64\Debug\"
         copy "C:\Program Files\NVIDIA GPU Computing Toolkit\CUDA\v8.0\bin\cudart*.dll" "C:\Users\Daniel\Documents\Visual Studio 2013\Projects\PECL1_CUDA\APA-Damas\PECL-1 Damas CUDA\x64\Debug\"
         :VCEnd
         copy "C:\Program Files\NVIDIA GPU Computing Toolkit\CUDA\v8.0\bin\cudart*.dll" "C:\Users\Daniel\Documents\Visual Studio 2013\Projects\PECL1_CUDA\APA-Damas\PECL-1 Damas CUDA\x64\Debug\"
         C:\Program Files\NVIDIA GPU Computing Toolkit\CUDA\v8.0\bin\cudart32_80.dll
         C:\Program Files\NVIDIA GPU Computing Toolkit\CUDA\v8.0\bin\cudart64_80.dll
                 2 archivo(s) copiado(s).
     1>Compilación del proyecto terminada "C:\Users\Daniel\Documents\Visual Studio 2013\Projects\PECL1_CUDA\APA-Damas\PECL-1 Damas CUDA\PECL-1 Damas CUDA\PECL-1 Damas CUDA_vs13.vcxproj" (Build destinos).

Compilación correcta.

Tiempo transcurrido 00:00:11.46
